build/app/intermediates/manifest_merge_blame_file/debug/manifest-merger-blame-debug-report.txt
1<?xml version="1.0" encoding="utf-8"?>
2<manifest xmlns:android="http://schemas.android.com/apk/res/android"
3    package="com.justhackit.find_my_bus"
4    android:versionCode="1"
5    android:versionName="1.0.0" >
6
7    <uses-sdk
8        android:minSdkVersion="21"
9        android:targetSdkVersion="30" />
10    <!--
11         Flutter needs it to communicate with the running application
12         to allow setting breakpoints, to provide hot reload, etc.
13    -->
14    <uses-permission android:name="android.permission.INTERNET" />
14-->src/debug/AndroidManifest.xml:6:5-66
14-->src/debug/AndroidManifest.xml:6:22-64
15    <uses-permission android:name="android.permission.ACCESS_COARSE_LOCATION" />
15-->[:location] AndroidManifest.xml:7:5-81
15-->[:location] AndroidManifest.xml:7:22-78
16    <uses-permission android:name="android.permission.ACCESS_FINE_LOCATION" />
16-->[:location] AndroidManifest.xml:8:5-79
16-->[:location] AndroidManifest.xml:8:22-76
17    <uses-permission android:name="android.permission.ACCESS_NETWORK_STATE" />
17-->[com.google.firebase:firebase-auth:21.0.1] AndroidManifest.xml:24:5-79
17-->[com.google.firebase:firebase-auth:21.0.1] AndroidManifest.xml:24:22-76
18
19    <uses-feature
19-->[com.google.android.gms:play-services-maps:17.0.0] AndroidManifest.xml:26:5-28:35
20        android:glEsVersion="0x00020000"
20-->[com.google.android.gms:play-services-maps:17.0.0] AndroidManifest.xml:27:9-41
21        android:required="true" />
21-->[com.google.android.gms:play-services-maps:17.0.0] AndroidManifest.xml:28:9-32
22
23    <uses-permission android:name="android.permission.CAMERA" /> <!-- Don't require camera, as this requires a rear camera. This allows it to work on the Nexus 7 -->
23-->[com.journeyapps:zxing-android-embedded:4.2.0] AndroidManifest.xml:22:5-65
23-->[com.journeyapps:zxing-android-embedded:4.2.0] AndroidManifest.xml:22:22-62
24    <uses-feature
24-->[com.journeyapps:zxing-android-embedded:4.2.0] AndroidManifest.xml:25:5-27:36
25        android:name="android.hardware.camera"
25-->[com.journeyapps:zxing-android-embedded:4.2.0] AndroidManifest.xml:26:9-47
26        android:required="false" />
26-->[com.journeyapps:zxing-android-embedded:4.2.0] AndroidManifest.xml:27:9-33
27    <uses-feature
27-->[com.journeyapps:zxing-android-embedded:4.2.0] AndroidManifest.xml:28:5-30:36
28        android:name="android.hardware.camera.front"
28-->[com.journeyapps:zxing-android-embedded:4.2.0] AndroidManifest.xml:29:9-53
29        android:required="false" /> <!-- TODO replace above two with next line after Android 4.2 -->
29-->[com.journeyapps:zxing-android-embedded:4.2.0] AndroidManifest.xml:30:9-33
30    <!-- <uses-feature android:name="android.hardware.camera.any"/> -->
31    <uses-feature
31-->[com.journeyapps:zxing-android-embedded:4.2.0] AndroidManifest.xml:33:5-35:36
32        android:name="android.hardware.camera.autofocus"
32-->[com.journeyapps:zxing-android-embedded:4.2.0] AndroidManifest.xml:34:9-57
33        android:required="false" />
33-->[com.journeyapps:zxing-android-embedded:4.2.0] AndroidManifest.xml:35:9-33
34    <uses-feature
34-->[com.journeyapps:zxing-android-embedded:4.2.0] AndroidManifest.xml:36:5-38:36
35        android:name="android.hardware.camera.flash"
35-->[com.journeyapps:zxing-android-embedded:4.2.0] AndroidManifest.xml:37:9-53
36        android:required="false" />
36-->[com.journeyapps:zxing-android-embedded:4.2.0] AndroidManifest.xml:38:9-33
37    <uses-feature
37-->[com.journeyapps:zxing-android-embedded:4.2.0] AndroidManifest.xml:39:5-41:36
38        android:name="android.hardware.screen.landscape"
38-->[com.journeyapps:zxing-android-embedded:4.2.0] AndroidManifest.xml:40:9-57
39        android:required="false" />
39-->[com.journeyapps:zxing-android-embedded:4.2.0] AndroidManifest.xml:41:9-33
40    <uses-feature
40-->[com.journeyapps:zxing-android-embedded:4.2.0] AndroidManifest.xml:42:5-44:36
41        android:name="android.hardware.wifi"
41-->[com.journeyapps:zxing-android-embedded:4.2.0] AndroidManifest.xml:43:9-45
42        android:required="false" />
42-->[com.journeyapps:zxing-android-embedded:4.2.0] AndroidManifest.xml:44:9-33
43
44    <application
44-->src/main/AndroidManifest.xml:3:4-42:19
45        android:appComponentFactory="androidx.core.app.CoreComponentFactory"
45-->[androidx.core:core:1.5.0] AndroidManifest.xml:24:18-86
46        android:debuggable="true"
47        android:icon="@mipmap/ic_launcher"
47-->src/main/AndroidManifest.xml:5:9-43
48        android:label="find_my_bus" >
48-->src/main/AndroidManifest.xml:4:9-36
49        <activity
49-->src/main/AndroidManifest.xml:6:9-34:20
50            android:name="com.justhackit.find_my_bus.MainActivity"
50-->src/main/AndroidManifest.xml:7:13-41
51            android:configChanges="orientation|keyboardHidden|keyboard|screenSize|smallestScreenSize|locale|layoutDirection|fontScale|screenLayout|density|uiMode"
51-->src/main/AndroidManifest.xml:10:13-163
52            android:hardwareAccelerated="true"
52-->src/main/AndroidManifest.xml:11:13-47
53            android:launchMode="singleTop"
53-->src/main/AndroidManifest.xml:8:13-43
54            android:theme="@style/LaunchTheme"
54-->src/main/AndroidManifest.xml:9:13-47
55            android:windowSoftInputMode="adjustResize" >
55-->src/main/AndroidManifest.xml:12:13-55
56
57            <!--
58                 Specifies an Android theme to apply to this Activity as soon as
59                 the Android process has started. This theme is visible to the user
60                 while the Flutter UI initializes. After that, this theme continues
61                 to determine the Window background behind the Flutter UI.
62            -->
63            <meta-data
63-->src/main/AndroidManifest.xml:17:13-20:17
64                android:name="io.flutter.embedding.android.NormalTheme"
64-->src/main/AndroidManifest.xml:18:15-70
65                android:resource="@style/NormalTheme" />
65-->src/main/AndroidManifest.xml:19:15-52
66            <!--
67                 Displays an Android View that continues showing the launch screen
68                 Drawable until Flutter paints its first frame, then this splash
69                 screen fades out. A splash screen is useful to avoid any visual
70                 gap between the end of Android's launch screen and the painting of
71                 Flutter's first frame.
72            -->
73            <meta-data
73-->src/main/AndroidManifest.xml:26:13-29:17
74                android:name="io.flutter.embedding.android.SplashScreenDrawable"
74-->src/main/AndroidManifest.xml:27:15-79
75                android:resource="@drawable/launch_background" />
75-->src/main/AndroidManifest.xml:28:15-61
76
77            <intent-filter>
77-->src/main/AndroidManifest.xml:30:13-33:29
78                <action android:name="android.intent.action.MAIN" />
78-->src/main/AndroidManifest.xml:31:17-68
78-->src/main/AndroidManifest.xml:31:25-66
79
80                <category android:name="android.intent.category.LAUNCHER" />
80-->src/main/AndroidManifest.xml:32:17-76
80-->src/main/AndroidManifest.xml:32:27-74
81            </intent-filter>
82        </activity>
83
84        <meta-data
84-->src/main/AndroidManifest.xml:35:9-36:70
85            android:name="com.google.android.geo.API_KEY"
85-->src/main/AndroidManifest.xml:35:20-65
86            android:value="AIzaSyA07vDQTd20yPJQ56Rd1ZadnRJtZqu8vhg" />
86-->src/main/AndroidManifest.xml:36:13-68
87        <!--
88             Don't delete the meta-data below.
89             This is used by the Flutter tool to generate GeneratedPluginRegistrant.java
90        -->
91        <meta-data
91-->src/main/AndroidManifest.xml:39:9-41:33
92            android:name="flutterEmbedding"
92-->src/main/AndroidManifest.xml:40:13-44
93            android:value="2" />
93-->src/main/AndroidManifest.xml:41:13-30
94
95        <service
95-->[:firebase_auth] AndroidManifest.xml:8:9-12:19
96            android:name="com.google.firebase.components.ComponentDiscoveryService"
96-->[:firebase_auth] AndroidManifest.xml:8:18-89
97            android:directBootAware="true"
97-->[com.google.firebase:firebase-common:20.0.0] AndroidManifest.xml:35:13-43
98            android:exported="false" >
98-->[com.google.firebase:firebase-auth:21.0.1] AndroidManifest.xml:76:13-37
99            <meta-data
99-->[:firebase_auth] AndroidManifest.xml:9:13-11:85
100                android:name="com.google.firebase.components:io.flutter.plugins.firebase.auth.FlutterFirebaseAuthRegistrar"
100-->[:firebase_auth] AndroidManifest.xml:10:17-124
101                android:value="com.google.firebase.components.ComponentRegistrar" />
101-->[:firebase_auth] AndroidManifest.xml:11:17-82
102            <meta-data
102-->[:firebase_storage] AndroidManifest.xml:9:13-11:85
103                android:name="com.google.firebase.components:io.flutter.plugins.firebase.storage.FlutterFirebaseAppRegistrar"
103-->[:firebase_storage] AndroidManifest.xml:10:17-126
104                android:value="com.google.firebase.components.ComponentRegistrar" />
104-->[:firebase_storage] AndroidManifest.xml:11:17-82
105            <meta-data
105-->[:cloud_firestore] AndroidManifest.xml:9:13-11:85
106                android:name="com.google.firebase.components:io.flutter.plugins.firebase.firestore.FlutterFirebaseFirestoreRegistrar"
106-->[:cloud_firestore] AndroidManifest.xml:10:17-134
107                android:value="com.google.firebase.components.ComponentRegistrar" />
107-->[:cloud_firestore] AndroidManifest.xml:11:17-82
108            <meta-data
108-->[:firebase_core] AndroidManifest.xml:9:13-11:85
109                android:name="com.google.firebase.components:io.flutter.plugins.firebase.core.FlutterFirebaseCoreRegistrar"
109-->[:firebase_core] AndroidManifest.xml:10:17-124
110                android:value="com.google.firebase.components.ComponentRegistrar" />
110-->[:firebase_core] AndroidManifest.xml:11:17-82
111            <meta-data
111-->[com.google.firebase:firebase-auth:21.0.1] AndroidManifest.xml:77:13-79:85
112                android:name="com.google.firebase.components:com.google.firebase.auth.FirebaseAuthRegistrar"
112-->[com.google.firebase:firebase-auth:21.0.1] AndroidManifest.xml:78:17-109
113                android:value="com.google.firebase.components.ComponentRegistrar" />
113-->[com.google.firebase:firebase-auth:21.0.1] AndroidManifest.xml:79:17-82
114            <meta-data
114-->[com.google.firebase:firebase-firestore:24.0.0] AndroidManifest.xml:20:13-22:85
115                android:name="com.google.firebase.components:com.google.firebase.firestore.FirestoreRegistrar"
115-->[com.google.firebase:firebase-firestore:24.0.0] AndroidManifest.xml:21:17-111
116                android:value="com.google.firebase.components.ComponentRegistrar" />
116-->[com.google.firebase:firebase-firestore:24.0.0] AndroidManifest.xml:22:17-82
117            <meta-data
117-->[com.google.firebase:firebase-storage:20.0.0] AndroidManifest.xml:33:13-35:85
118                android:name="com.google.firebase.components:com.google.firebase.storage.StorageRegistrar"
118-->[com.google.firebase:firebase-storage:20.0.0] AndroidManifest.xml:34:17-107
119                android:value="com.google.firebase.components.ComponentRegistrar" />
119-->[com.google.firebase:firebase-storage:20.0.0] AndroidManifest.xml:35:17-82
120        </service>
121
122        <provider
122-->[:image_picker] AndroidManifest.xml:8:9-16:20
123            android:name="io.flutter.plugins.imagepicker.ImagePickerFileProvider"
123-->[:image_picker] AndroidManifest.xml:9:13-82
124            android:authorities="com.justhackit.find_my_bus.flutter.image_provider"
124-->[:image_picker] AndroidManifest.xml:10:13-74
125            android:exported="false"
125-->[:image_picker] AndroidManifest.xml:11:13-37
126            android:grantUriPermissions="true" >
126-->[:image_picker] AndroidManifest.xml:12:13-47
127            <meta-data
127-->[:image_picker] AndroidManifest.xml:13:13-15:75
128                android:name="android.support.FILE_PROVIDER_PATHS"
128-->[:image_picker] AndroidManifest.xml:14:17-67
129                android:resource="@xml/flutter_image_picker_file_paths" />
129-->[:image_picker] AndroidManifest.xml:15:17-72
130        </provider>
131
132        <service
132-->[:location] AndroidManifest.xml:11:9-15:56
133            android:name="com.lyokone.location.FlutterLocationService"
133-->[:location] AndroidManifest.xml:12:13-71
134            android:enabled="true"
134-->[:location] AndroidManifest.xml:13:13-35
135            android:exported="false"
135-->[:location] AndroidManifest.xml:14:13-37
136            android:foregroundServiceType="location" />
136-->[:location] AndroidManifest.xml:15:13-53
137
138        <activity
138-->[com.google.firebase:firebase-auth:21.0.1] AndroidManifest.xml:27:9-44:20
139            android:name="com.google.firebase.auth.internal.GenericIdpActivity"
139-->[com.google.firebase:firebase-auth:21.0.1] AndroidManifest.xml:28:13-80
140            android:excludeFromRecents="true"
140-->[com.google.firebase:firebase-auth:21.0.1] AndroidManifest.xml:29:13-46
141            android:exported="true"
141-->[com.google.firebase:firebase-auth:21.0.1] AndroidManifest.xml:30:13-36
142            android:launchMode="singleTask"
142-->[com.google.firebase:firebase-auth:21.0.1] AndroidManifest.xml:31:13-44
143            android:theme="@android:style/Theme.Translucent.NoTitleBar" >
143-->[com.google.firebase:firebase-auth:21.0.1] AndroidManifest.xml:32:13-72
144            <intent-filter>
144-->[com.google.firebase:firebase-auth:21.0.1] AndroidManifest.xml:33:13-43:29
145                <action android:name="android.intent.action.VIEW" />
145-->[com.google.firebase:firebase-auth:21.0.1] AndroidManifest.xml:34:17-69
145-->[com.google.firebase:firebase-auth:21.0.1] AndroidManifest.xml:34:25-66
146
147                <category android:name="android.intent.category.DEFAULT" />
147-->[com.google.firebase:firebase-auth:21.0.1] AndroidManifest.xml:36:17-76
147-->[com.google.firebase:firebase-auth:21.0.1] AndroidManifest.xml:36:27-73
148                <category android:name="android.intent.category.BROWSABLE" />
148-->[com.google.firebase:firebase-auth:21.0.1] AndroidManifest.xml:37:17-78
148-->[com.google.firebase:firebase-auth:21.0.1] AndroidManifest.xml:37:27-75
149
150                <data
150-->[com.google.firebase:firebase-auth:21.0.1] AndroidManifest.xml:39:17-42:51
151                    android:host="firebase.auth"
151-->[com.google.firebase:firebase-auth:21.0.1] AndroidManifest.xml:40:21-49
152                    android:path="/"
152-->[com.google.firebase:firebase-auth:21.0.1] AndroidManifest.xml:41:21-37
153                    android:scheme="genericidp" />
153-->[com.google.firebase:firebase-auth:21.0.1] AndroidManifest.xml:42:21-48
154            </intent-filter>
155        </activity>
156        <activity
156-->[com.google.firebase:firebase-auth:21.0.1] AndroidManifest.xml:45:9-62:20
157            android:name="com.google.firebase.auth.internal.RecaptchaActivity"
157-->[com.google.firebase:firebase-auth:21.0.1] AndroidManifest.xml:46:13-79
158            android:excludeFromRecents="true"
158-->[com.google.firebase:firebase-auth:21.0.1] AndroidManifest.xml:47:13-46
159            android:exported="true"
159-->[com.google.firebase:firebase-auth:21.0.1] AndroidManifest.xml:48:13-36
160            android:launchMode="singleTask"
160-->[com.google.firebase:firebase-auth:21.0.1] AndroidManifest.xml:49:13-44
161            android:theme="@android:style/Theme.Translucent.NoTitleBar" >
161-->[com.google.firebase:firebase-auth:21.0.1] AndroidManifest.xml:50:13-72
162            <intent-filter>
162-->[com.google.firebase:firebase-auth:21.0.1] AndroidManifest.xml:51:13-61:29
163                <action android:name="android.intent.action.VIEW" />
163-->[com.google.firebase:firebase-auth:21.0.1] AndroidManifest.xml:34:17-69
163-->[com.google.firebase:firebase-auth:21.0.1] AndroidManifest.xml:34:25-66
164
165                <category android:name="android.intent.category.DEFAULT" />
165-->[com.google.firebase:firebase-auth:21.0.1] AndroidManifest.xml:36:17-76
165-->[com.google.firebase:firebase-auth:21.0.1] AndroidManifest.xml:36:27-73
166                <category android:name="android.intent.category.BROWSABLE" />
166-->[com.google.firebase:firebase-auth:21.0.1] AndroidManifest.xml:37:17-78
166-->[com.google.firebase:firebase-auth:21.0.1] AndroidManifest.xml:37:27-75
167
168                <data
168-->[com.google.firebase:firebase-auth:21.0.1] AndroidManifest.xml:39:17-42:51
169                    android:host="firebase.auth"
169-->[com.google.firebase:firebase-auth:21.0.1] AndroidManifest.xml:40:21-49
170                    android:path="/"
170-->[com.google.firebase:firebase-auth:21.0.1] AndroidManifest.xml:41:21-37
171                    android:scheme="recaptcha" />
171-->[com.google.firebase:firebase-auth:21.0.1] AndroidManifest.xml:42:21-48
172            </intent-filter>
173        </activity>
174
175        <service
175-->[com.google.firebase:firebase-auth:21.0.1] AndroidManifest.xml:64:9-73:19
176            android:name="com.google.firebase.auth.api.fallback.service.FirebaseAuthFallbackService"
176-->[com.google.firebase:firebase-auth:21.0.1] AndroidManifest.xml:65:13-101
177            android:enabled="true"
177-->[com.google.firebase:firebase-auth:21.0.1] AndroidManifest.xml:66:13-35
178            android:exported="false" >
178-->[com.google.firebase:firebase-auth:21.0.1] AndroidManifest.xml:67:13-37
179            <intent-filter>
179-->[com.google.firebase:firebase-auth:21.0.1] AndroidManifest.xml:68:13-72:29
180                <action android:name="com.google.firebase.auth.api.gms.service.START" />
180-->[com.google.firebase:firebase-auth:21.0.1] AndroidManifest.xml:69:17-89
180-->[com.google.firebase:firebase-auth:21.0.1] AndroidManifest.xml:69:25-86
181
182                <category android:name="android.intent.category.DEFAULT" />
182-->[com.google.firebase:firebase-auth:21.0.1] AndroidManifest.xml:36:17-76
182-->[com.google.firebase:firebase-auth:21.0.1] AndroidManifest.xml:36:27-73
183            </intent-filter>
184        </service>
185
186        <provider
186-->[com.google.firebase:firebase-common:20.0.0] AndroidManifest.xml:26:9-31:39
187            android:name="com.google.firebase.provider.FirebaseInitProvider"
187-->[com.google.firebase:firebase-common:20.0.0] AndroidManifest.xml:27:13-77
188            android:authorities="com.justhackit.find_my_bus.firebaseinitprovider"
188-->[com.google.firebase:firebase-common:20.0.0] AndroidManifest.xml:28:13-72
189            android:directBootAware="true"
189-->[com.google.firebase:firebase-common:20.0.0] AndroidManifest.xml:29:13-43
190            android:exported="false"
190-->[com.google.firebase:firebase-common:20.0.0] AndroidManifest.xml:30:13-37
191            android:initOrder="100" /> <!-- Needs to be explicitly declared on P+ -->
191-->[com.google.firebase:firebase-common:20.0.0] AndroidManifest.xml:31:13-36
192        <uses-library
192-->[com.google.android.gms:play-services-maps:17.0.0] AndroidManifest.xml:33:9-35:40
193            android:name="org.apache.http.legacy"
193-->[com.google.android.gms:play-services-maps:17.0.0] AndroidManifest.xml:34:13-50
194            android:required="false" />
194-->[com.google.android.gms:play-services-maps:17.0.0] AndroidManifest.xml:35:13-37
195
196        <activity
196-->[com.google.android.gms:play-services-base:17.1.0] AndroidManifest.xml:23:9-26:75
197            android:name="com.google.android.gms.common.api.GoogleApiActivity"
197-->[com.google.android.gms:play-services-base:17.1.0] AndroidManifest.xml:24:13-79
198            android:exported="false"
198-->[com.google.android.gms:play-services-base:17.1.0] AndroidManifest.xml:25:13-37
199            android:theme="@android:style/Theme.Translucent.NoTitleBar" />
199-->[com.google.android.gms:play-services-base:17.1.0] AndroidManifest.xml:26:13-72
200
201        <meta-data
201-->[com.google.android.gms:play-services-basement:17.1.0] AndroidManifest.xml:23:9-25:69
202            android:name="com.google.android.gms.version"
202-->[com.google.android.gms:play-services-basement:17.1.0] AndroidManifest.xml:24:13-58
203            android:value="@integer/google_play_services_version" />
203-->[com.google.android.gms:play-services-basement:17.1.0] AndroidManifest.xml:25:13-66
204
205        <activity
205-->[com.journeyapps:zxing-android-embedded:4.2.0] AndroidManifest.xml:47:9-53:63
206            android:name="com.journeyapps.barcodescanner.CaptureActivity"
206-->[com.journeyapps:zxing-android-embedded:4.2.0] AndroidManifest.xml:48:13-74
207            android:clearTaskOnLaunch="true"
207-->[com.journeyapps:zxing-android-embedded:4.2.0] AndroidManifest.xml:49:13-45
208            android:screenOrientation="sensorLandscape"
208-->[com.journeyapps:zxing-android-embedded:4.2.0] AndroidManifest.xml:50:13-56
209            android:stateNotNeeded="true"
209-->[com.journeyapps:zxing-android-embedded:4.2.0] AndroidManifest.xml:51:13-42
210            android:theme="@style/zxing_CaptureTheme"
210-->[com.journeyapps:zxing-android-embedded:4.2.0] AndroidManifest.xml:52:13-54
211            android:windowSoftInputMode="stateAlwaysHidden" />
211-->[com.journeyapps:zxing-android-embedded:4.2.0] AndroidManifest.xml:53:13-60
212    </application>
213
214</manifest>